Arguments: 
  /Users/mendler/.volta/tools/image/node/12.18.3/bin/node /Users/mendler/.volta/tools/image/yarn/1.22.4/bin/yarn.js add normalizeUrl

PATH: 
  /Users/mendler/.volta/tools/image/yarn/1.22.4/bin:/Users/mendler/.volta/tools/image/node/12.18.3/bin:/Users/mendler/.rvm/gems/ruby-2.6.3/bin:/Users/mendler/.rvm/gems/ruby-2.6.3@global/bin:/Users/mendler/.rvm/rubies/ruby-2.6.3/bin:/Users/mendler/.rvm/gems/ruby-2.6.3/bin:/usr/local/opt/terraform@0.11/bin:/usr/local/opt/curl/bin:/Users/mendler/.pyenv/shims:/Users/mendler/.cargo/bin:/usr/local/opt/php@7.2/bin:/usr/local/opt/flex/bin:/usr/local/opt/bison/bin:/usr/local/bin:/Users/mendler/.poetry/bin:/Users/mendler/.cargo/bin:/usr/local/bin:/usr/bin:/bin:/usr/sbin:/sbin:/opt/X11/bin:/Library/Apple/usr/bin:/Users/mendler/.rvm/gems/ruby-2.6.3/bin:/Users/mendler/.rvm/gems/ruby-2.6.3@global/bin:/Users/mendler/.rvm/rubies/ruby-2.6.3/bin:/usr/local/opt/terraform@0.11/bin:/Users/mendler/.sdkman/candidates/java/current/bin:/usr/local/opt/curl/bin:/Users/mendler/.pyenv/shims:/Users/mendler/.cargo/bin:/usr/local/opt/php@7.2/bin:/usr/local/opt/flex/bin:/usr/local/opt/bison/bin:/Users/mendler/.poetry/bin:/Users/mendler/.local/bin:/Users/mendler/go/bin:/usr/local/opt/go/libexec/bin:/Users/mendler/Library/Python/3.7/bin:/usr/local/opt/fzf/bin:/Users/mendler/google-cloud-sdk/bin:/Users/mendler/.rvm/bin:/Users/mendler/.local/bin:/Users/mendler/go/bin:/usr/local/opt/go/libexec/bin:/Users/mendler/Library/Python/3.7/bin:/Users/mendler/google-cloud-sdk/bin:/Users/mendler/.rvm/bin:/Users/mendler/.local/bin

Yarn version: 
  1.22.4

Node version: 
  12.18.3

Platform: 
  darwin x64

Trace: 
  Error: https://registry.yarnpkg.com/normalizeUrl: Not found
      at Request.params.callback [as _callback] (/Users/mendler/.volta/tools/image/yarn/1.22.4/lib/cli.js:66987:18)
      at Request.self.callback (/Users/mendler/.volta/tools/image/yarn/1.22.4/lib/cli.js:140748:22)
      at Request.emit (events.js:315:20)
      at Request.<anonymous> (/Users/mendler/.volta/tools/image/yarn/1.22.4/lib/cli.js:141720:10)
      at Request.emit (events.js:315:20)
      at IncomingMessage.<anonymous> (/Users/mendler/.volta/tools/image/yarn/1.22.4/lib/cli.js:141642:12)
      at Object.onceWrapper (events.js:421:28)
      at IncomingMessage.emit (events.js:327:22)
      at endReadableNT (_stream_readable.js:1220:12)
      at processTicksAndRejections (internal/process/task_queues.js:84:21)

npm manifest: 
  {
    "name": "restructure",
    "version": "1.0.0",
    "main": "index.js",
    "license": "MIT",
    "dependencies": {
      "bottleneck": "^2.19.5",
      "js-yaml": "^3.14.0",
      "make-promises-safe": "^5.1.0",
      "node-fetch": "^2.6.0",
      "normalize-url": "^5.1.0"
    }
  }

yarn manifest: 
  No manifest

Lockfile: 
  # THIS IS AN AUTOGENERATED FILE. DO NOT EDIT THIS FILE DIRECTLY.
  # yarn lockfile v1
  
  
  argparse@^1.0.7:
    version "1.0.10"
    resolved "https://registry.yarnpkg.com/argparse/-/argparse-1.0.10.tgz#bcd6791ea5ae09725e17e5ad988134cd40b3d911"
    integrity sha512-o5Roy6tNG4SL/FOkCAN6RzjiakZS25RLYFrcMttJqbdd8BWrnA+fGz57iN5Pb06pvBGvl5gQ0B48dJlslXvoTg==
    dependencies:
      sprintf-js "~1.0.2"
  
  bottleneck@^2.19.5:
    version "2.19.5"
    resolved "https://registry.yarnpkg.com/bottleneck/-/bottleneck-2.19.5.tgz#5df0b90f59fd47656ebe63c78a98419205cadd91"
    integrity sha512-VHiNCbI1lKdl44tGrhNfU3lup0Tj/ZBMJB5/2ZbNXRCPuRCO7ed2mgcK4r17y+KB2EfuYuRaVlwNbAeaWGSpbw==
  
  esprima@^4.0.0:
    version "4.0.1"
    resolved "https://registry.yarnpkg.com/esprima/-/esprima-4.0.1.tgz#13b04cdb3e6c5d19df91ab6987a8695619b0aa71"
    integrity sha512-eGuFFw7Upda+g4p+QHvnW0RyTX/SVeJBDM/gCtMARO0cLuT2HcEKnTPvhjV6aGeqrCB/sbNop0Kszm0jsaWU4A==
  
  js-yaml@^3.14.0:
    version "3.14.0"
    resolved "https://registry.yarnpkg.com/js-yaml/-/js-yaml-3.14.0.tgz#a7a34170f26a21bb162424d8adacb4113a69e482"
    integrity sha512-/4IbIeHcD9VMHFqDR/gQ7EdZdLimOvW2DdcxFjdyyZ9NsbS+ccrXqVWDtab/lRl5AlUqmpBx8EhPaWR+OtY17A==
    dependencies:
      argparse "^1.0.7"
      esprima "^4.0.0"
  
  make-promises-safe@^5.1.0:
    version "5.1.0"
    resolved "https://registry.yarnpkg.com/make-promises-safe/-/make-promises-safe-5.1.0.tgz#dd9d311f555bcaa144f12e225b3d37785f0aa8f2"
    integrity sha512-AfdZ49rtyhQR/6cqVKGoH7y4ql7XkS5HJI1lZm0/5N6CQosy1eYbBJ/qbhkKHzo17UH7M918Bysf6XB9f3kS1g==
  
  node-fetch@^2.6.0:
    version "2.6.0"
    resolved "https://registry.yarnpkg.com/node-fetch/-/node-fetch-2.6.0.tgz#e633456386d4aa55863f676a7ab0daa8fdecb0fd"
    integrity sha512-8dG4H5ujfvFiqDmVu9fQ5bOHUC15JMjMY/Zumv26oOvvVJjM67KF8koCWIabKQ1GJIa9r2mMZscBq/TbdOcmNA==
  
  normalize-url@^5.1.0:
    version "5.1.0"
    resolved "https://registry.yarnpkg.com/normalize-url/-/normalize-url-5.1.0.tgz#04b8f1b34ea49ff713fc20b2218eba41fb9974a3"
    integrity sha512-UxHuSWsSAmzSqN+DSjasaZWQ3QPtEisHdlr4y9MJ5zg0RcImv5fQt8QM0izJSCdsdmhJGK+ubcTpJXwVDmwSVQ==
  
  sprintf-js@~1.0.2:
    version "1.0.3"
    resolved "https://registry.yarnpkg.com/sprintf-js/-/sprintf-js-1.0.3.tgz#04e6926f662895354f3dd015203633b857297e2c"
    integrity sha1-BOaSb2YolTVPPdAVIDYzuFcpfiw=
